mode: set
github.com/heathcliff26/minecraft-exporter/cmd/main.go:29.13,33.2 3 1
github.com/heathcliff26/minecraft-exporter/cmd/main.go:37.64,39.2 1 1
github.com/heathcliff26/minecraft-exporter/cmd/main.go:41.13,44.17 2 0
github.com/heathcliff26/minecraft-exporter/cmd/main.go:44.17,47.3 2 0
github.com/heathcliff26/minecraft-exporter/cmd/main.go:49.2,50.16 2 0
github.com/heathcliff26/minecraft-exporter/cmd/main.go:50.16,53.3 2 0
github.com/heathcliff26/minecraft-exporter/cmd/main.go:55.2,58.16 3 0
github.com/heathcliff26/minecraft-exporter/cmd/main.go:58.16,61.3 2 0
github.com/heathcliff26/minecraft-exporter/cmd/main.go:62.2,64.21 2 0
github.com/heathcliff26/minecraft-exporter/cmd/main.go:64.21,66.17 2 0
github.com/heathcliff26/minecraft-exporter/cmd/main.go:66.17,69.4 2 0
github.com/heathcliff26/minecraft-exporter/cmd/main.go:70.3,72.24 3 0
github.com/heathcliff26/minecraft-exporter/cmd/main.go:75.2,75.23 1 0
github.com/heathcliff26/minecraft-exporter/cmd/main.go:75.23,77.17 2 0
github.com/heathcliff26/minecraft-exporter/cmd/main.go:77.17,80.4 2 0
github.com/heathcliff26/minecraft-exporter/cmd/main.go:81.3,81.32 1 0
github.com/heathcliff26/minecraft-exporter/cmd/main.go:81.32,83.18 2 0
github.com/heathcliff26/minecraft-exporter/cmd/main.go:83.18,86.5 2 0
github.com/heathcliff26/minecraft-exporter/cmd/main.go:89.3,92.16 4 0
github.com/heathcliff26/minecraft-exporter/cmd/main.go:92.16,95.4 2 0
github.com/heathcliff26/minecraft-exporter/cmd/main.go:98.2,111.57 7 0
github.com/heathcliff26/minecraft-exporter/cmd/main.go:111.57,114.3 2 0
