mode: set
github.com/heathcliff26/containers/apps/minecraft-exporter/cmd/main.go:26.13,29.2 2 1
github.com/heathcliff26/containers/apps/minecraft-exporter/cmd/main.go:33.64,35.2 1 1
github.com/heathcliff26/containers/apps/minecraft-exporter/cmd/main.go:37.13,41.16 3 0
github.com/heathcliff26/containers/apps/minecraft-exporter/cmd/main.go:41.16,44.3 2 0
github.com/heathcliff26/containers/apps/minecraft-exporter/cmd/main.go:46.2,48.21 2 0
github.com/heathcliff26/containers/apps/minecraft-exporter/cmd/main.go:48.21,50.17 2 0
github.com/heathcliff26/containers/apps/minecraft-exporter/cmd/main.go:50.17,53.4 2 0
github.com/heathcliff26/containers/apps/minecraft-exporter/cmd/main.go:54.3,55.23 2 0
github.com/heathcliff26/containers/apps/minecraft-exporter/cmd/main.go:58.2,59.16 2 0
github.com/heathcliff26/containers/apps/minecraft-exporter/cmd/main.go:59.16,62.3 2 0
github.com/heathcliff26/containers/apps/minecraft-exporter/cmd/main.go:63.2,65.23 2 0
github.com/heathcliff26/containers/apps/minecraft-exporter/cmd/main.go:65.23,67.17 2 0
github.com/heathcliff26/containers/apps/minecraft-exporter/cmd/main.go:67.17,70.4 2 0
github.com/heathcliff26/containers/apps/minecraft-exporter/cmd/main.go:71.3,71.32 1 0
github.com/heathcliff26/containers/apps/minecraft-exporter/cmd/main.go:71.32,73.18 2 0
github.com/heathcliff26/containers/apps/minecraft-exporter/cmd/main.go:73.18,76.5 2 0
github.com/heathcliff26/containers/apps/minecraft-exporter/cmd/main.go:79.3,82.16 4 0
github.com/heathcliff26/containers/apps/minecraft-exporter/cmd/main.go:82.16,85.4 2 0
github.com/heathcliff26/containers/apps/minecraft-exporter/cmd/main.go:88.2,94.57 6 0
github.com/heathcliff26/containers/apps/minecraft-exporter/cmd/main.go:94.57,97.3 2 0
github.com/heathcliff26/containers/apps/minecraft-exporter/pkg/config/config.go:26.13,33.2 4 1
github.com/heathcliff26/containers/apps/minecraft-exporter/pkg/config/config.go:63.29,71.2 1 1
github.com/heathcliff26/containers/apps/minecraft-exporter/pkg/config/config.go:80.56,83.16 2 1
github.com/heathcliff26/containers/apps/minecraft-exporter/pkg/config/config.go:83.16,86.3 2 1
github.com/heathcliff26/containers/apps/minecraft-exporter/pkg/config/config.go:88.2,89.16 2 1
github.com/heathcliff26/containers/apps/minecraft-exporter/pkg/config/config.go:89.16,91.3 1 1
github.com/heathcliff26/containers/apps/minecraft-exporter/pkg/config/config.go:93.2,93.9 1 1
github.com/heathcliff26/containers/apps/minecraft-exporter/pkg/config/config.go:93.9,95.3 1 1
github.com/heathcliff26/containers/apps/minecraft-exporter/pkg/config/config.go:97.2,98.16 2 1
github.com/heathcliff26/containers/apps/minecraft-exporter/pkg/config/config.go:98.16,100.3 1 1
github.com/heathcliff26/containers/apps/minecraft-exporter/pkg/config/config.go:102.2,103.16 2 1
github.com/heathcliff26/containers/apps/minecraft-exporter/pkg/config/config.go:103.16,105.3 1 0
github.com/heathcliff26/containers/apps/minecraft-exporter/pkg/config/config.go:106.2,106.115 1 1
github.com/heathcliff26/containers/apps/minecraft-exporter/pkg/config/config.go:106.115,108.3 1 0
github.com/heathcliff26/containers/apps/minecraft-exporter/pkg/config/config.go:110.2,110.21 1 1
github.com/heathcliff26/containers/apps/minecraft-exporter/pkg/config/config.go:110.21,111.25 1 1
github.com/heathcliff26/containers/apps/minecraft-exporter/pkg/config/config.go:111.25,113.4 1 1
github.com/heathcliff26/containers/apps/minecraft-exporter/pkg/config/config.go:114.3,114.101 1 1
github.com/heathcliff26/containers/apps/minecraft-exporter/pkg/config/config.go:114.101,116.4 1 1
github.com/heathcliff26/containers/apps/minecraft-exporter/pkg/config/config.go:117.3,117.30 1 1
github.com/heathcliff26/containers/apps/minecraft-exporter/pkg/config/config.go:117.30,120.18 3 0
github.com/heathcliff26/containers/apps/minecraft-exporter/pkg/config/config.go:120.18,123.5 2 0
github.com/heathcliff26/containers/apps/minecraft-exporter/pkg/config/config.go:124.4,124.32 1 0
github.com/heathcliff26/containers/apps/minecraft-exporter/pkg/config/config.go:128.2,128.15 1 1
github.com/heathcliff26/containers/apps/minecraft-exporter/pkg/config/config.go:132.38,133.32 1 1
github.com/heathcliff26/containers/apps/minecraft-exporter/pkg/config/config.go:134.15,135.32 1 1
github.com/heathcliff26/containers/apps/minecraft-exporter/pkg/config/config.go:136.14,137.31 1 1
github.com/heathcliff26/containers/apps/minecraft-exporter/pkg/config/config.go:138.14,139.31 1 1
github.com/heathcliff26/containers/apps/minecraft-exporter/pkg/config/config.go:140.15,141.32 1 1
github.com/heathcliff26/containers/apps/minecraft-exporter/pkg/config/config.go:142.10,143.36 1 1
github.com/heathcliff26/containers/apps/minecraft-exporter/pkg/config/config.go:145.2,145.12 1 1
github.com/heathcliff26/containers/apps/minecraft-exporter/pkg/config/errors.go:9.45,11.2 1 0
github.com/heathcliff26/containers/apps/minecraft-exporter/pkg/config/errors.go:17.45,19.2 1 0
github.com/heathcliff26/containers/apps/minecraft-exporter/pkg/config/errors.go:25.47,27.2 1 0
github.com/heathcliff26/containers/apps/minecraft-exporter/pkg/save/collector.go:48.80,50.16 2 0
github.com/heathcliff26/containers/apps/minecraft-exporter/pkg/save/collector.go:50.16,52.3 1 0
github.com/heathcliff26/containers/apps/minecraft-exporter/pkg/save/collector.go:54.2,58.8 1 0
github.com/heathcliff26/containers/apps/minecraft-exporter/pkg/save/collector.go:62.62,64.2 1 0
github.com/heathcliff26/containers/apps/minecraft-exporter/pkg/save/collector.go:67.62,71.16 3 0
github.com/heathcliff26/containers/apps/minecraft-exporter/pkg/save/collector.go:71.16,74.3 2 0
github.com/heathcliff26/containers/apps/minecraft-exporter/pkg/save/collector.go:76.2,76.33 1 0
github.com/heathcliff26/containers/apps/minecraft-exporter/pkg/save/collector.go:76.33,78.17 2 0
github.com/heathcliff26/containers/apps/minecraft-exporter/pkg/save/collector.go:78.17,81.4 2 0
github.com/heathcliff26/containers/apps/minecraft-exporter/pkg/save/collector.go:83.3,84.17 2 0
github.com/heathcliff26/containers/apps/minecraft-exporter/pkg/save/collector.go:84.17,87.4 2 0
github.com/heathcliff26/containers/apps/minecraft-exporter/pkg/save/collector.go:89.3,89.22 1 0
github.com/heathcliff26/containers/apps/minecraft-exporter/pkg/save/collector.go:89.22,93.4 3 0
github.com/heathcliff26/containers/apps/minecraft-exporter/pkg/save/collector.go:93.9,97.4 3 0
github.com/heathcliff26/containers/apps/minecraft-exporter/pkg/save/collector.go:99.3,99.44 1 0
github.com/heathcliff26/containers/apps/minecraft-exporter/pkg/save/collector.go:99.44,101.4 1 0
github.com/heathcliff26/containers/apps/minecraft-exporter/pkg/save/collector.go:102.3,121.42 17 0
github.com/heathcliff26/containers/apps/minecraft-exporter/pkg/save/collector.go:121.42,123.4 1 0
github.com/heathcliff26/containers/apps/minecraft-exporter/pkg/save/collector.go:125.3,134.49 8 0
github.com/heathcliff26/containers/apps/minecraft-exporter/pkg/save/collector.go:134.49,136.4 1 0
github.com/heathcliff26/containers/apps/minecraft-exporter/pkg/save/collector.go:139.2,139.70 1 0
github.com/heathcliff26/containers/apps/minecraft-exporter/pkg/save/errors.go:9.66,13.2 1 0
github.com/heathcliff26/containers/apps/minecraft-exporter/pkg/save/errors.go:15.46,17.2 1 0
github.com/heathcliff26/containers/apps/minecraft-exporter/pkg/save/errors.go:19.76,24.2 1 0
github.com/heathcliff26/containers/apps/minecraft-exporter/pkg/save/errors.go:31.47,33.2 1 0
github.com/heathcliff26/containers/apps/minecraft-exporter/pkg/save/save.go:24.42,25.24 1 1
github.com/heathcliff26/containers/apps/minecraft-exporter/pkg/save/save.go:25.24,27.3 1 0
github.com/heathcliff26/containers/apps/minecraft-exporter/pkg/save/save.go:29.2,35.30 2 1
github.com/heathcliff26/containers/apps/minecraft-exporter/pkg/save/save.go:35.30,37.3 1 0
github.com/heathcliff26/containers/apps/minecraft-exporter/pkg/save/save.go:38.2,38.30 1 1
github.com/heathcliff26/containers/apps/minecraft-exporter/pkg/save/save.go:38.30,40.3 1 0
github.com/heathcliff26/containers/apps/minecraft-exporter/pkg/save/save.go:41.2,41.37 1 1
github.com/heathcliff26/containers/apps/minecraft-exporter/pkg/save/save.go:41.37,43.3 1 0
github.com/heathcliff26/containers/apps/minecraft-exporter/pkg/save/save.go:45.2,45.15 1 1
github.com/heathcliff26/containers/apps/minecraft-exporter/pkg/save/save.go:49.35,52.16 3 1
github.com/heathcliff26/containers/apps/minecraft-exporter/pkg/save/save.go:52.16,54.3 1 0
github.com/heathcliff26/containers/apps/minecraft-exporter/pkg/save/save.go:56.2,57.12 2 1
github.com/heathcliff26/containers/apps/minecraft-exporter/pkg/save/save.go:61.47,63.16 2 1
github.com/heathcliff26/containers/apps/minecraft-exporter/pkg/save/save.go:63.16,65.3 1 0
github.com/heathcliff26/containers/apps/minecraft-exporter/pkg/save/save.go:66.2,67.26 2 1
github.com/heathcliff26/containers/apps/minecraft-exporter/pkg/save/save.go:67.26,68.16 1 1
github.com/heathcliff26/containers/apps/minecraft-exporter/pkg/save/save.go:68.16,69.12 1 0
github.com/heathcliff26/containers/apps/minecraft-exporter/pkg/save/save.go:71.3,71.61 1 1
github.com/heathcliff26/containers/apps/minecraft-exporter/pkg/save/save.go:71.61,73.4 1 1
github.com/heathcliff26/containers/apps/minecraft-exporter/pkg/save/save.go:75.2,75.21 1 1
github.com/heathcliff26/containers/apps/minecraft-exporter/pkg/save/save.go:79.66,81.16 2 1
github.com/heathcliff26/containers/apps/minecraft-exporter/pkg/save/save.go:81.16,83.3 1 0
github.com/heathcliff26/containers/apps/minecraft-exporter/pkg/save/save.go:85.2,86.16 2 1
github.com/heathcliff26/containers/apps/minecraft-exporter/pkg/save/save.go:86.16,88.3 1 0
github.com/heathcliff26/containers/apps/minecraft-exporter/pkg/save/save.go:90.2,91.16 2 1
github.com/heathcliff26/containers/apps/minecraft-exporter/pkg/save/save.go:91.16,93.3 1 0
github.com/heathcliff26/containers/apps/minecraft-exporter/pkg/save/save.go:95.2,97.16 3 1
github.com/heathcliff26/containers/apps/minecraft-exporter/pkg/save/save.go:97.16,99.3 1 0
github.com/heathcliff26/containers/apps/minecraft-exporter/pkg/save/save.go:101.2,105.8 1 1
github.com/heathcliff26/containers/apps/minecraft-exporter/pkg/save/save.go:109.80,112.16 3 1
github.com/heathcliff26/containers/apps/minecraft-exporter/pkg/save/save.go:112.16,114.3 1 0
github.com/heathcliff26/containers/apps/minecraft-exporter/pkg/save/save.go:116.2,116.33 1 1
github.com/heathcliff26/containers/apps/minecraft-exporter/pkg/save/save.go:120.56,123.16 3 1
github.com/heathcliff26/containers/apps/minecraft-exporter/pkg/save/save.go:123.16,125.3 1 0
github.com/heathcliff26/containers/apps/minecraft-exporter/pkg/save/save.go:127.2,127.29 1 1
github.com/heathcliff26/containers/apps/minecraft-exporter/pkg/save/save.go:127.29,130.17 3 1
github.com/heathcliff26/containers/apps/minecraft-exporter/pkg/save/save.go:130.17,132.4 1 0
github.com/heathcliff26/containers/apps/minecraft-exporter/pkg/save/save.go:133.3,133.26 1 1
github.com/heathcliff26/containers/apps/minecraft-exporter/pkg/save/save.go:134.8,136.3 1 1
github.com/heathcliff26/containers/apps/minecraft-exporter/pkg/save/save.go:140.62,144.16 3 1
github.com/heathcliff26/containers/apps/minecraft-exporter/pkg/save/save.go:144.16,146.3 1 0
github.com/heathcliff26/containers/apps/minecraft-exporter/pkg/save/save.go:148.2,150.28 2 1
github.com/heathcliff26/containers/apps/minecraft-exporter/pkg/save/save.go:150.28,152.23 2 1
github.com/heathcliff26/containers/apps/minecraft-exporter/pkg/save/save.go:152.23,153.12 1 0
github.com/heathcliff26/containers/apps/minecraft-exporter/pkg/save/save.go:155.3,155.19 1 1
github.com/heathcliff26/containers/apps/minecraft-exporter/pkg/save/save.go:155.19,157.4 1 0
github.com/heathcliff26/containers/apps/minecraft-exporter/pkg/save/save.go:158.3,158.17 1 1
github.com/heathcliff26/containers/apps/minecraft-exporter/pkg/save/save.go:159.20,161.36 2 1
github.com/heathcliff26/containers/apps/minecraft-exporter/pkg/save/save.go:162.20,164.29 2 1
github.com/heathcliff26/containers/apps/minecraft-exporter/pkg/save/save.go:165.17,167.32 2 1
github.com/heathcliff26/containers/apps/minecraft-exporter/pkg/save/save.go:168.21,170.30 2 1
github.com/heathcliff26/containers/apps/minecraft-exporter/pkg/save/save.go:171.25,173.32 2 0
github.com/heathcliff26/containers/apps/minecraft-exporter/pkg/save/save.go:174.15,175.29 1 1
github.com/heathcliff26/containers/apps/minecraft-exporter/pkg/save/save.go:176.17,177.31 1 1
github.com/heathcliff26/containers/apps/minecraft-exporter/pkg/save/save.go:178.22,179.36 1 1
github.com/heathcliff26/containers/apps/minecraft-exporter/pkg/save/save.go:180.22,181.36 1 1
github.com/heathcliff26/containers/apps/minecraft-exporter/pkg/save/save.go:182.24,183.33 1 1
github.com/heathcliff26/containers/apps/minecraft-exporter/pkg/save/save.go:184.20,185.29 1 1
github.com/heathcliff26/containers/apps/minecraft-exporter/pkg/save/save.go:186.20,187.29 1 1
github.com/heathcliff26/containers/apps/minecraft-exporter/pkg/save/save.go:188.22,189.31 1 1
github.com/heathcliff26/containers/apps/minecraft-exporter/pkg/save/save.go:190.20,191.29 1 1
github.com/heathcliff26/containers/apps/minecraft-exporter/pkg/save/save.go:192.20,193.29 1 1
github.com/heathcliff26/containers/apps/minecraft-exporter/pkg/save/save.go:194.19,195.28 1 1
github.com/heathcliff26/containers/apps/minecraft-exporter/pkg/save/save.go:196.20,197.29 1 0
github.com/heathcliff26/containers/apps/minecraft-exporter/pkg/save/save.go:198.21,199.30 1 0
github.com/heathcliff26/containers/apps/minecraft-exporter/pkg/save/save.go:200.21,201.30 1 1
github.com/heathcliff26/containers/apps/minecraft-exporter/pkg/save/save.go:202.21,203.30 1 1
github.com/heathcliff26/containers/apps/minecraft-exporter/pkg/save/save.go:204.35,205.32 1 1
github.com/heathcliff26/containers/apps/minecraft-exporter/pkg/save/save.go:206.11,208.37 2 1
github.com/heathcliff26/containers/apps/minecraft-exporter/pkg/save/save.go:211.2,211.19 1 1
github.com/heathcliff26/containers/apps/minecraft-exporter/pkg/save/types.go:31.66,33.49 2 1
github.com/heathcliff26/containers/apps/minecraft-exporter/pkg/save/types.go:33.49,35.3 1 0
github.com/heathcliff26/containers/apps/minecraft-exporter/pkg/save/types.go:37.2,38.28 2 1
github.com/heathcliff26/containers/apps/minecraft-exporter/pkg/save/types.go:38.28,39.27 1 1
github.com/heathcliff26/containers/apps/minecraft-exporter/pkg/save/types.go:39.27,41.62 2 1
github.com/heathcliff26/containers/apps/minecraft-exporter/pkg/save/types.go:41.62,43.5 1 0
github.com/heathcliff26/containers/apps/minecraft-exporter/pkg/save/types.go:44.4,44.37 1 1
github.com/heathcliff26/containers/apps/minecraft-exporter/pkg/save/types.go:47.2,47.12 1 1
github.com/heathcliff26/containers/apps/minecraft-exporter/pkg/save/types.go:67.23,78.2 1 1
github.com/heathcliff26/containers/apps/minecraft-exporter/pkg/save/types.go:101.56,103.49 2 1
github.com/heathcliff26/containers/apps/minecraft-exporter/pkg/save/types.go:103.49,105.3 1 0
github.com/heathcliff26/containers/apps/minecraft-exporter/pkg/save/types.go:106.2,108.28 2 1
github.com/heathcliff26/containers/apps/minecraft-exporter/pkg/save/types.go:108.28,109.14 1 1
github.com/heathcliff26/containers/apps/minecraft-exporter/pkg/save/types.go:110.25,111.18 1 1
github.com/heathcliff26/containers/apps/minecraft-exporter/pkg/save/types.go:112.27,113.20 1 1
github.com/heathcliff26/containers/apps/minecraft-exporter/pkg/save/types.go:114.33,115.25 1 1
github.com/heathcliff26/containers/apps/minecraft-exporter/pkg/save/types.go:116.33,117.25 1 1
github.com/heathcliff26/containers/apps/minecraft-exporter/pkg/save/types.go:118.59,119.22 1 1
github.com/heathcliff26/containers/apps/minecraft-exporter/pkg/save/types.go:120.32,121.18 1 1
github.com/heathcliff26/containers/apps/minecraft-exporter/pkg/save/types.go:122.41,123.18 1 1
github.com/heathcliff26/containers/apps/minecraft-exporter/pkg/save/types.go:124.34,125.20 1 1
github.com/heathcliff26/containers/apps/minecraft-exporter/pkg/save/types.go:126.44,127.18 1 1
github.com/heathcliff26/containers/apps/minecraft-exporter/pkg/save/types.go:128.32,129.18 1 1
github.com/heathcliff26/containers/apps/minecraft-exporter/pkg/save/types.go:130.31,131.17 1 1
github.com/heathcliff26/containers/apps/minecraft-exporter/pkg/save/types.go:132.32,133.18 1 1
github.com/heathcliff26/containers/apps/minecraft-exporter/pkg/save/types.go:134.33,135.19 1 0
github.com/heathcliff26/containers/apps/minecraft-exporter/pkg/save/types.go:136.33,137.19 1 1
github.com/heathcliff26/containers/apps/minecraft-exporter/pkg/save/types.go:138.33,139.19 1 1
github.com/heathcliff26/containers/apps/minecraft-exporter/pkg/save/types.go:140.49,141.21 1 1
github.com/heathcliff26/containers/apps/minecraft-exporter/pkg/save/types.go:142.11,143.25 1 1
github.com/heathcliff26/containers/apps/minecraft-exporter/pkg/save/types.go:146.2,146.12 1 1
github.com/heathcliff26/containers/apps/minecraft-exporter/pkg/save/utils.go:14.36,16.16 2 1
github.com/heathcliff26/containers/apps/minecraft-exporter/pkg/save/utils.go:16.16,18.3 1 0
github.com/heathcliff26/containers/apps/minecraft-exporter/pkg/save/utils.go:19.2,19.25 1 1
github.com/heathcliff26/containers/apps/minecraft-exporter/pkg/save/utils.go:23.66,25.37 2 1
github.com/heathcliff26/containers/apps/minecraft-exporter/pkg/save/utils.go:25.37,26.17 1 1
github.com/heathcliff26/containers/apps/minecraft-exporter/pkg/save/utils.go:26.17,28.4 1 1
github.com/heathcliff26/containers/apps/minecraft-exporter/pkg/save/utils.go:30.2,30.10 1 1
github.com/heathcliff26/containers/apps/minecraft-exporter/pkg/save/utils.go:35.53,37.16 2 1
github.com/heathcliff26/containers/apps/minecraft-exporter/pkg/save/utils.go:37.16,39.3 1 0
github.com/heathcliff26/containers/apps/minecraft-exporter/pkg/save/utils.go:40.2,42.16 3 1
github.com/heathcliff26/containers/apps/minecraft-exporter/pkg/save/utils.go:42.16,44.3 1 0
github.com/heathcliff26/containers/apps/minecraft-exporter/pkg/save/utils.go:45.2,48.16 3 1
github.com/heathcliff26/containers/apps/minecraft-exporter/pkg/save/utils.go:48.16,50.3 1 0
github.com/heathcliff26/containers/apps/minecraft-exporter/pkg/save/utils.go:52.2,52.12 1 1
github.com/heathcliff26/containers/apps/minecraft-exporter/pkg/save/utils.go:56.54,58.16 2 1
github.com/heathcliff26/containers/apps/minecraft-exporter/pkg/save/utils.go:58.16,60.3 1 0
github.com/heathcliff26/containers/apps/minecraft-exporter/pkg/save/utils.go:61.2,63.16 3 1
github.com/heathcliff26/containers/apps/minecraft-exporter/pkg/save/utils.go:63.16,65.3 1 0
github.com/heathcliff26/containers/apps/minecraft-exporter/pkg/save/utils.go:67.2,68.16 2 1
github.com/heathcliff26/containers/apps/minecraft-exporter/pkg/save/utils.go:68.16,70.3 1 0
github.com/heathcliff26/containers/apps/minecraft-exporter/pkg/save/utils.go:72.2,72.12 1 1
github.com/heathcliff26/containers/apps/minecraft-exporter/pkg/save/utils.go:76.44,79.27 2 0
github.com/heathcliff26/containers/apps/minecraft-exporter/pkg/save/utils.go:79.27,81.3 1 0
github.com/heathcliff26/containers/apps/minecraft-exporter/pkg/save/utils.go:82.2,82.14 1 0
github.com/heathcliff26/containers/apps/minecraft-exporter/pkg/save/utils.go:86.109,87.27 1 0
github.com/heathcliff26/containers/apps/minecraft-exporter/pkg/save/utils.go:87.27,89.3 1 0
github.com/heathcliff26/containers/apps/minecraft-exporter/pkg/uuid/errors.go:15.87,18.16 3 1
github.com/heathcliff26/containers/apps/minecraft-exporter/pkg/uuid/errors.go:18.16,20.3 1 0
github.com/heathcliff26/containers/apps/minecraft-exporter/pkg/uuid/errors.go:20.8,22.3 1 1
github.com/heathcliff26/containers/apps/minecraft-exporter/pkg/uuid/errors.go:23.2,26.3 1 1
github.com/heathcliff26/containers/apps/minecraft-exporter/pkg/uuid/errors.go:29.47,31.2 1 0
github.com/heathcliff26/containers/apps/minecraft-exporter/pkg/uuid/uuid.go:25.55,30.2 1 1
github.com/heathcliff26/containers/apps/minecraft-exporter/pkg/uuid/uuid.go:34.66,38.8 3 1
github.com/heathcliff26/containers/apps/minecraft-exporter/pkg/uuid/uuid.go:38.8,39.49 1 1
github.com/heathcliff26/containers/apps/minecraft-exporter/pkg/uuid/uuid.go:39.49,41.4 1 1
github.com/heathcliff26/containers/apps/minecraft-exporter/pkg/uuid/uuid.go:41.9,43.4 1 1
github.com/heathcliff26/containers/apps/minecraft-exporter/pkg/uuid/uuid.go:46.2,47.16 2 1
github.com/heathcliff26/containers/apps/minecraft-exporter/pkg/uuid/uuid.go:47.16,49.3 1 0
github.com/heathcliff26/containers/apps/minecraft-exporter/pkg/uuid/uuid.go:50.2,51.27 2 1
github.com/heathcliff26/containers/apps/minecraft-exporter/pkg/uuid/uuid.go:51.27,53.3 1 0
github.com/heathcliff26/containers/apps/minecraft-exporter/pkg/uuid/uuid.go:54.2,56.16 3 1
github.com/heathcliff26/containers/apps/minecraft-exporter/pkg/uuid/uuid.go:56.16,58.3 1 0
github.com/heathcliff26/containers/apps/minecraft-exporter/pkg/uuid/uuid.go:60.2,65.25 2 1
github.com/heathcliff26/containers/apps/minecraft-exporter/pkg/rcon/collector.go:38.66,40.16 2 0
github.com/heathcliff26/containers/apps/minecraft-exporter/pkg/rcon/collector.go:40.16,42.3 1 0
github.com/heathcliff26/containers/apps/minecraft-exporter/pkg/rcon/collector.go:43.2,47.8 1 0
github.com/heathcliff26/containers/apps/minecraft-exporter/pkg/rcon/collector.go:51.62,53.2 1 0
github.com/heathcliff26/containers/apps/minecraft-exporter/pkg/rcon/collector.go:56.62,59.33 3 0
github.com/heathcliff26/containers/apps/minecraft-exporter/pkg/rcon/collector.go:59.33,61.3 1 0
github.com/heathcliff26/containers/apps/minecraft-exporter/pkg/rcon/collector.go:62.2,62.22 1 0
github.com/heathcliff26/containers/apps/minecraft-exporter/pkg/rcon/collector.go:63.32,66.17 3 0
github.com/heathcliff26/containers/apps/minecraft-exporter/pkg/rcon/collector.go:66.17,68.4 1 0
github.com/heathcliff26/containers/apps/minecraft-exporter/pkg/rcon/collector.go:68.9,69.34 1 0
github.com/heathcliff26/containers/apps/minecraft-exporter/pkg/rcon/collector.go:69.34,72.5 2 0
github.com/heathcliff26/containers/apps/minecraft-exporter/pkg/rcon/collector.go:73.4,74.112 2 0
github.com/heathcliff26/containers/apps/minecraft-exporter/pkg/rcon/collector.go:76.3,77.17 2 0
github.com/heathcliff26/containers/apps/minecraft-exporter/pkg/rcon/collector.go:77.17,79.4 1 0
github.com/heathcliff26/containers/apps/minecraft-exporter/pkg/rcon/collector.go:79.9,80.36 1 0
github.com/heathcliff26/containers/apps/minecraft-exporter/pkg/rcon/collector.go:80.36,82.5 1 0
github.com/heathcliff26/containers/apps/minecraft-exporter/pkg/rcon/collector.go:84.32,87.17 3 0
github.com/heathcliff26/containers/apps/minecraft-exporter/pkg/rcon/collector.go:87.17,89.4 1 0
github.com/heathcliff26/containers/apps/minecraft-exporter/pkg/rcon/collector.go:89.9,90.26 1 0
github.com/heathcliff26/containers/apps/minecraft-exporter/pkg/rcon/collector.go:90.26,94.5 3 0
github.com/heathcliff26/containers/apps/minecraft-exporter/pkg/rcon/collector.go:98.2,98.21 1 0
github.com/heathcliff26/containers/apps/minecraft-exporter/pkg/rcon/collector.go:98.21,101.17 3 0
github.com/heathcliff26/containers/apps/minecraft-exporter/pkg/rcon/collector.go:101.17,103.4 1 0
github.com/heathcliff26/containers/apps/minecraft-exporter/pkg/rcon/collector.go:103.9,104.32 1 0
github.com/heathcliff26/containers/apps/minecraft-exporter/pkg/rcon/collector.go:104.32,108.5 3 0
github.com/heathcliff26/containers/apps/minecraft-exporter/pkg/rcon/collector.go:109.4,109.32 1 0
github.com/heathcliff26/containers/apps/minecraft-exporter/pkg/rcon/collector.go:109.32,112.5 2 0
github.com/heathcliff26/containers/apps/minecraft-exporter/pkg/rcon/collector.go:115.2,115.65 1 0
github.com/heathcliff26/containers/apps/minecraft-exporter/pkg/rcon/collector.go:119.39,121.2 1 0
github.com/heathcliff26/containers/apps/minecraft-exporter/pkg/rcon/errors.go:7.44,9.2 1 0
github.com/heathcliff26/containers/apps/minecraft-exporter/pkg/rcon/errors.go:13.44,15.2 1 0
github.com/heathcliff26/containers/apps/minecraft-exporter/pkg/rcon/errors.go:19.48,21.2 1 0
github.com/heathcliff26/containers/apps/minecraft-exporter/pkg/rcon/errors.go:25.50,27.2 1 0
github.com/heathcliff26/containers/apps/minecraft-exporter/pkg/rcon/errors.go:31.37,33.2 1 0
github.com/heathcliff26/containers/apps/minecraft-exporter/pkg/rcon/errors.go:40.51,45.2 1 0
github.com/heathcliff26/containers/apps/minecraft-exporter/pkg/rcon/errors.go:47.38,49.2 1 0
github.com/heathcliff26/containers/apps/minecraft-exporter/pkg/rcon/rcon.go:18.81,19.16 1 1
github.com/heathcliff26/containers/apps/minecraft-exporter/pkg/rcon/rcon.go:19.16,21.3 1 1
github.com/heathcliff26/containers/apps/minecraft-exporter/pkg/rcon/rcon.go:22.2,22.15 1 1
github.com/heathcliff26/containers/apps/minecraft-exporter/pkg/rcon/rcon.go:22.15,24.3 1 1
github.com/heathcliff26/containers/apps/minecraft-exporter/pkg/rcon/rcon.go:25.2,25.20 1 1
github.com/heathcliff26/containers/apps/minecraft-exporter/pkg/rcon/rcon.go:25.20,27.3 1 1
github.com/heathcliff26/containers/apps/minecraft-exporter/pkg/rcon/rcon.go:29.2,33.8 2 1
github.com/heathcliff26/containers/apps/minecraft-exporter/pkg/rcon/rcon.go:37.47,40.16 3 1
github.com/heathcliff26/containers/apps/minecraft-exporter/pkg/rcon/rcon.go:40.16,42.3 1 0
github.com/heathcliff26/containers/apps/minecraft-exporter/pkg/rcon/rcon.go:44.2,45.12 2 1
github.com/heathcliff26/containers/apps/minecraft-exporter/pkg/rcon/rcon.go:49.54,50.19 1 1
github.com/heathcliff26/containers/apps/minecraft-exporter/pkg/rcon/rcon.go:50.19,52.17 2 1
github.com/heathcliff26/containers/apps/minecraft-exporter/pkg/rcon/rcon.go:52.17,54.4 1 0
github.com/heathcliff26/containers/apps/minecraft-exporter/pkg/rcon/rcon.go:57.2,65.12 6 1
github.com/heathcliff26/containers/apps/minecraft-exporter/pkg/rcon/rcon.go:65.12,66.16 1 1
github.com/heathcliff26/containers/apps/minecraft-exporter/pkg/rcon/rcon.go:66.16,69.4 2 1
github.com/heathcliff26/containers/apps/minecraft-exporter/pkg/rcon/rcon.go:71.3,72.17 2 1
github.com/heathcliff26/containers/apps/minecraft-exporter/pkg/rcon/rcon.go:72.17,75.4 2 0
github.com/heathcliff26/containers/apps/minecraft-exporter/pkg/rcon/rcon.go:77.3,78.17 2 1
github.com/heathcliff26/containers/apps/minecraft-exporter/pkg/rcon/rcon.go:78.17,81.4 2 1
github.com/heathcliff26/containers/apps/minecraft-exporter/pkg/rcon/rcon.go:82.3,82.64 1 1
github.com/heathcliff26/containers/apps/minecraft-exporter/pkg/rcon/rcon.go:85.2,85.9 1 1
github.com/heathcliff26/containers/apps/minecraft-exporter/pkg/rcon/rcon.go:86.17,89.40 3 1
github.com/heathcliff26/containers/apps/minecraft-exporter/pkg/rcon/rcon.go:90.14,91.18 1 1
github.com/heathcliff26/containers/apps/minecraft-exporter/pkg/rcon/rcon.go:96.50,98.16 2 0
github.com/heathcliff26/containers/apps/minecraft-exporter/pkg/rcon/rcon.go:98.16,101.3 2 0
github.com/heathcliff26/containers/apps/minecraft-exporter/pkg/rcon/rcon.go:103.2,103.33 1 0
github.com/heathcliff26/containers/apps/minecraft-exporter/pkg/rcon/rcon.go:107.64,109.16 2 0
github.com/heathcliff26/containers/apps/minecraft-exporter/pkg/rcon/rcon.go:109.16,111.3 1 0
github.com/heathcliff26/containers/apps/minecraft-exporter/pkg/rcon/rcon.go:113.2,113.27 1 0
github.com/heathcliff26/containers/apps/minecraft-exporter/pkg/rcon/rcon.go:117.64,119.16 2 0
github.com/heathcliff26/containers/apps/minecraft-exporter/pkg/rcon/rcon.go:119.16,121.3 1 0
github.com/heathcliff26/containers/apps/minecraft-exporter/pkg/rcon/rcon.go:123.2,123.33 1 0
github.com/heathcliff26/containers/apps/minecraft-exporter/pkg/rcon/rcon.go:127.55,129.16 2 0
github.com/heathcliff26/containers/apps/minecraft-exporter/pkg/rcon/rcon.go:129.16,131.3 1 0
github.com/heathcliff26/containers/apps/minecraft-exporter/pkg/rcon/rcon.go:133.2,133.27 1 0
github.com/heathcliff26/containers/apps/minecraft-exporter/pkg/rcon/rcon.go:137.93,139.16 2 0
github.com/heathcliff26/containers/apps/minecraft-exporter/pkg/rcon/rcon.go:139.16,141.3 1 0
github.com/heathcliff26/containers/apps/minecraft-exporter/pkg/rcon/rcon.go:143.2,143.30 1 0
github.com/heathcliff26/containers/apps/minecraft-exporter/pkg/rcon/rcon.go:147.40,148.19 1 1
github.com/heathcliff26/containers/apps/minecraft-exporter/pkg/rcon/rcon.go:148.19,152.3 3 1
github.com/heathcliff26/containers/apps/minecraft-exporter/pkg/rcon/rcon.go:153.2,153.12 1 0
github.com/heathcliff26/containers/apps/minecraft-exporter/pkg/rcon/rcon.go:157.36,159.2 1 0
github.com/heathcliff26/containers/apps/minecraft-exporter/pkg/rcon/utils.go:13.48,15.16 2 1
github.com/heathcliff26/containers/apps/minecraft-exporter/pkg/rcon/utils.go:15.16,17.3 1 0
github.com/heathcliff26/containers/apps/minecraft-exporter/pkg/rcon/utils.go:19.2,20.19 2 1
github.com/heathcliff26/containers/apps/minecraft-exporter/pkg/rcon/utils.go:20.19,22.3 1 1
github.com/heathcliff26/containers/apps/minecraft-exporter/pkg/rcon/utils.go:24.2,24.37 1 1
github.com/heathcliff26/containers/apps/minecraft-exporter/pkg/rcon/utils.go:28.62,32.29 4 1
github.com/heathcliff26/containers/apps/minecraft-exporter/pkg/rcon/utils.go:32.29,34.17 2 1
github.com/heathcliff26/containers/apps/minecraft-exporter/pkg/rcon/utils.go:34.17,37.4 2 0
github.com/heathcliff26/containers/apps/minecraft-exporter/pkg/rcon/utils.go:38.3,39.17 2 1
github.com/heathcliff26/containers/apps/minecraft-exporter/pkg/rcon/utils.go:39.17,42.4 2 0
github.com/heathcliff26/containers/apps/minecraft-exporter/pkg/rcon/utils.go:43.3,48.4 1 1
github.com/heathcliff26/containers/apps/minecraft-exporter/pkg/rcon/utils.go:51.2,53.24 3 1
github.com/heathcliff26/containers/apps/minecraft-exporter/pkg/rcon/utils.go:53.24,55.3 1 0
github.com/heathcliff26/containers/apps/minecraft-exporter/pkg/rcon/utils.go:56.2,57.16 2 1
github.com/heathcliff26/containers/apps/minecraft-exporter/pkg/rcon/utils.go:57.16,60.3 2 0
github.com/heathcliff26/containers/apps/minecraft-exporter/pkg/rcon/utils.go:61.2,62.16 2 1
github.com/heathcliff26/containers/apps/minecraft-exporter/pkg/rcon/utils.go:62.16,65.3 2 0
github.com/heathcliff26/containers/apps/minecraft-exporter/pkg/rcon/utils.go:67.2,67.61 1 1
github.com/heathcliff26/containers/apps/minecraft-exporter/pkg/rcon/utils.go:71.62,75.28 4 1
github.com/heathcliff26/containers/apps/minecraft-exporter/pkg/rcon/utils.go:75.28,77.17 2 1
github.com/heathcliff26/containers/apps/minecraft-exporter/pkg/rcon/utils.go:77.17,79.4 1 0
github.com/heathcliff26/containers/apps/minecraft-exporter/pkg/rcon/utils.go:80.3,83.4 1 1
github.com/heathcliff26/containers/apps/minecraft-exporter/pkg/rcon/utils.go:86.2,86.17 1 1
github.com/heathcliff26/containers/apps/minecraft-exporter/pkg/rcon/utils.go:90.53,93.60 2 1
github.com/heathcliff26/containers/apps/minecraft-exporter/pkg/rcon/utils.go:93.60,95.3 1 1
github.com/heathcliff26/containers/apps/minecraft-exporter/pkg/rcon/utils.go:97.2,99.17 3 1
github.com/heathcliff26/containers/apps/minecraft-exporter/pkg/rcon/utils.go:99.17,101.3 1 0
github.com/heathcliff26/containers/apps/minecraft-exporter/pkg/rcon/utils.go:103.2,104.30 2 1
github.com/heathcliff26/containers/apps/minecraft-exporter/pkg/rcon/utils.go:104.30,107.17 3 1
github.com/heathcliff26/containers/apps/minecraft-exporter/pkg/rcon/utils.go:107.17,109.4 1 0
github.com/heathcliff26/containers/apps/minecraft-exporter/pkg/rcon/utils.go:112.2,112.17 1 1
github.com/heathcliff26/containers/apps/minecraft-exporter/pkg/rcon/utils.go:116.91,120.31 4 1
github.com/heathcliff26/containers/apps/minecraft-exporter/pkg/rcon/utils.go:120.31,122.17 2 1
github.com/heathcliff26/containers/apps/minecraft-exporter/pkg/rcon/utils.go:122.17,125.4 2 0
github.com/heathcliff26/containers/apps/minecraft-exporter/pkg/rcon/utils.go:126.3,127.17 2 1
github.com/heathcliff26/containers/apps/minecraft-exporter/pkg/rcon/utils.go:127.17,130.4 2 0
github.com/heathcliff26/containers/apps/minecraft-exporter/pkg/rcon/utils.go:131.3,132.17 2 1
github.com/heathcliff26/containers/apps/minecraft-exporter/pkg/rcon/utils.go:132.17,135.4 2 0
github.com/heathcliff26/containers/apps/minecraft-exporter/pkg/rcon/utils.go:136.3,141.4 1 1
github.com/heathcliff26/containers/apps/minecraft-exporter/pkg/rcon/utils.go:144.2,147.31 4 1
github.com/heathcliff26/containers/apps/minecraft-exporter/pkg/rcon/utils.go:147.31,149.17 2 1
github.com/heathcliff26/containers/apps/minecraft-exporter/pkg/rcon/utils.go:149.17,152.4 2 0
github.com/heathcliff26/containers/apps/minecraft-exporter/pkg/rcon/utils.go:153.3,154.17 2 1
github.com/heathcliff26/containers/apps/minecraft-exporter/pkg/rcon/utils.go:154.17,157.4 2 0
github.com/heathcliff26/containers/apps/minecraft-exporter/pkg/rcon/utils.go:158.3,162.4 1 1
github.com/heathcliff26/containers/apps/minecraft-exporter/pkg/rcon/utils.go:165.2,165.44 1 1
